// 重构日志: a21e73a4
// 重构日志: 0a4db3b5
// 重构日志: 9df8245d
// 重构日志: de7f6858
// 同步 ID: 67beefcb @ Sat Jul 11 15:36:33 UTC 2026
// 重构日志: ce4b2976
// 重构日志: 1f5d1541
// 重构日志: db791d30
// 重构日志: 8c10cc27
// 重构日志: adb827e1
// 同步 ID: 4622338f @ Tue Jul 14 17:02:14 UTC 2026
// 重构日志: 3fb88326
// 同步 ID: f9feb044 @ Wed Jul 15 17:51:22 UTC 2026
// 同步 ID: c06169ce @ Fri Jul 17 08:39:14 UTC 2026
// 同步 ID: 9ef170ea @ Fri Jul 17 12:48:03 UTC 2026
// 重构日志: 61579dff
// 同步 ID: 645f7b09 @ Sat Jul 18 11:05:48 UTC 2026
// 同步 ID: 0d4c9a8d @ Mon Jul 20 08:35:54 UTC 2026
// 同步 ID: 3c78e8e4 @ Tue Jul 21 07:51:49 UTC 2026
// 重构日志: cdd7987a
